# JRE version: OpenJDK Runtime Environment (8.0_212-b04) (build 1.8.0_212-release-1586-b04)
# Java VM: OpenJDK 64-Bit Server VM (25.212-b04 mixed mode windows-amd64 compressed oops)
Heap:
 PSYoungGen      total 413696K, used 89957K [0x00000000e0000000, 0x00000000fba00000, 0x0000000100000000)
  eden space 394240K, 19% used [0x00000000e0000000,0x00000000e4bcfc88,0x00000000f8100000)
  from space 19456K, 63% used [0x00000000fa700000,0x00000000fb309b30,0x00000000fba00000)
  to   space 29184K, 0% used [0x00000000f8100000,0x00000000f8100000,0x00000000f9d80000)
 ParOldGen       total 159744K, used 63581K [0x00000000a0000000, 0x00000000a9c00000, 0x00000000e0000000)
  object space 159744K, 39% used [0x00000000a0000000,0x00000000a3e17550,0x00000000a9c00000)
 Metaspace       used 88308K, capacity 91886K, committed 92160K, reserved 1128448K
  class space    used 11487K, capacity 12277K, committed 12288K, reserved 1048576K
GC Heap History (10 events):
Event: 25.067 GC heap before
{Heap before GC invocations=11 (full 2):
 PSYoungGen      total 213504K, used 20250K [0x00000000e0000000, 0x00000000ef000000, 0x0000000100000000)
  eden space 197120K, 1% used [0x00000000e0000000,0x00000000e03c7548,0x00000000ec080000)
  from space 16384K, 99% used [0x00000000ed580000,0x00000000ee57f340,0x00000000ee580000)
  to   space 21504K, 0% used [0x00000000ec080000,0x00000000ec080000,0x00000000ed580000)
 ParOldGen       total 130048K, used 25208K [0x00000000a0000000, 0x00000000a7f00000, 0x00000000e0000000)
  object space 130048K, 19% used [0x00000000a0000000,0x00000000a189e300,0x00000000a7f00000)
 Metaspace       used 57102K, capacity 59024K, committed 59136K, reserved 1099776K
  class space    used 7683K, capacity 8131K, committed 8192K, reserved 1048576K
Event: 25.095 GC heap after
Heap after GC invocations=11 (full 2):
 PSYoungGen      total 218624K, used 16356K [0x00000000e0000000, 0x00000000f4b80000, 0x0000000100000000)
  eden space 197120K, 0% used [0x00000000e0000000,0x00000000e0000000,0x00000000ec080000)
  from space 21504K, 76% used [0x00000000ec080000,0x00000000ed079310,0x00000000ed580000)
  to   space 22528K, 0% used [0x00000000f3580000,0x00000000f3580000,0x00000000f4b80000)
 ParOldGen       total 130048K, used 25216K [0x00000000a0000000, 0x00000000a7f00000, 0x00000000e0000000)
  object space 130048K, 19% used [0x00000000a0000000,0x00000000a18a0300,0x00000000a7f00000)
 Metaspace       used 57102K, capacity 59024K, committed 59136K, reserved 1099776K
  class space    used 7683K, capacity 8131K, committed 8192K, reserved 1048576K
}
Event: 25.095 GC heap before
{Heap before GC invocations=12 (full 3):
 PSYoungGen      total 218624K, used 16356K [0x00000000e0000000, 0x00000000f4b80000, 0x0000000100000000)
  eden space 197120K, 0% used [0x00000000e0000000,0x00000000e0000000,0x00000000ec080000)
  from space 21504K, 76% used [0x00000000ec080000,0x00000000ed079310,0x00000000ed580000)
  to   space 22528K, 0% used [0x00000000f3580000,0x00000000f3580000,0x00000000f4b80000)
 ParOldGen       total 130048K, used 25216K [0x00000000a0000000, 0x00000000a7f00000, 0x00000000e0000000)
  object space 130048K, 19% used [0x00000000a0000000,0x00000000a18a0300,0x00000000a7f00000)
 Metaspace       used 57102K, capacity 59024K, committed 59136K, reserved 1099776K
  class space    used 7683K, capacity 8131K, committed 8192K, reserved 1048576K
Event: 25.373 GC heap after
Heap after GC invocations=12 (full 3):
 PSYoungGen      total 218624K, used 0K [0x00000000e0000000, 0x00000000f4b80000, 0x0000000100000000)
  eden space 197120K, 0% used [0x00000000e0000000,0x00000000e0000000,0x00000000ec080000)
  from space 21504K, 0% used [0x00000000ec080000,0x00000000ec080000,0x00000000ed580000)
  to   space 22528K, 0% used [0x00000000f3580000,0x00000000f3580000,0x00000000f4b80000)
 ParOldGen       total 159744K, used 29584K [0x00000000a0000000, 0x00000000a9c00000, 0x00000000e0000000)
  object space 159744K, 18% used [0x00000000a0000000,0x00000000a1ce4110,0x00000000a9c00000)
 Metaspace       used 57067K, capacity 58906K, committed 59136K, reserved 1099776K
  class space    used 7673K, capacity 8118K, committed 8192K, reserved 1048576K
}
Event: 30.021 GC heap before
{Heap before GC invocations=13 (full 3):
 PSYoungGen      total 218624K, used 197120K [0x00000000e0000000, 0x00000000f4b80000, 0x0000000100000000)
  eden space 197120K, 100% used [0x00000000e0000000,0x00000000ec080000,0x00000000ec080000)
  from space 21504K, 0% used [0x00000000ec080000,0x00000000ec080000,0x00000000ed580000)
  to   space 22528K, 0% used [0x00000000f3580000,0x00000000f3580000,0x00000000f4b80000)
 ParOldGen       total 159744K, used 29584K [0x00000000a0000000, 0x00000000a9c00000, 0x00000000e0000000)
  object space 159744K, 18% used [0x00000000a0000000,0x00000000a1ce4110,0x00000000a9c00000)
 Metaspace       used 65862K, capacity 68438K, committed 68480K, reserved 1107968K
  class space    used 9032K, capacity 9564K, committed 9600K, reserved 1048576K
Event: 30.042 GC heap after
Heap after GC invocations=13 (full 3):
 PSYoungGen      total 302080K, used 16691K [0x00000000e0000000, 0x00000000f4600000, 0x0000000100000000)
  eden space 285184K, 0% used [0x00000000e0000000,0x00000000e0000000,0x00000000f1680000)
  from space 16896K, 98% used [0x00000000f3580000,0x00000000f45ccd90,0x00000000f4600000)
  to   space 23552K, 0% used [0x00000000f1800000,0x00000000f1800000,0x00000000f2f00000)
 ParOldGen       total 159744K, used 29592K [0x00000000a0000000, 0x00000000a9c00000, 0x00000000e0000000)
  object space 159744K, 18% used [0x00000000a0000000,0x00000000a1ce6110,0x00000000a9c00000)
 Metaspace       used 65862K, capacity 68438K, committed 68480K, reserved 1107968K
  class space    used 9032K, capacity 9564K, committed 9600K, reserved 1048576K
}
Event: 205.619 GC heap before
{Heap before GC invocations=14 (full 3):
 PSYoungGen      total 302080K, used 301875K [0x00000000e0000000, 0x00000000f4600000, 0x0000000100000000)
  eden space 285184K, 100% used [0x00000000e0000000,0x00000000f1680000,0x00000000f1680000)
  from space 16896K, 98% used [0x00000000f3580000,0x00000000f45ccd90,0x00000000f4600000)
  to   space 23552K, 0% used [0x00000000f1800000,0x00000000f1800000,0x00000000f2f00000)
 ParOldGen       total 159744K, used 29592K [0x00000000a0000000, 0x00000000a9c00000, 0x00000000e0000000)
  object space 159744K, 18% used [0x00000000a0000000,0x00000000a1ce6110,0x00000000a9c00000)
 Metaspace       used 79059K, capacity 82440K, committed 82688K, reserved 1120256K
  class space    used 10386K, capacity 11148K, committed 11264K, reserved 1048576K
Event: 205.651 GC heap after
Heap after GC invocations=14 (full 3):
 PSYoungGen      total 310272K, used 23549K [0x00000000e0000000, 0x00000000fc500000, 0x0000000100000000)
  eden space 286720K, 0% used [0x00000000e0000000,0x00000000e0000000,0x00000000f1800000)
  from space 23552K, 99% used [0x00000000f1800000,0x00000000f2eff498,0x00000000f2f00000)
  to   space 30720K, 0% used [0x00000000fa700000,0x00000000fa700000,0x00000000fc500000)
 ParOldGen       total 159744K, used 40470K [0x00000000a0000000, 0x00000000a9c00000, 0x00000000e0000000)
  object space 159744K, 25% used [0x00000000a0000000,0x00000000a2785a80,0x00000000a9c00000)
 Metaspace       used 79059K, capacity 82440K, committed 82688K, reserved 1120256K
  class space    used 10386K, capacity 11148K, committed 11264K, reserved 1048576K
}
Event: 234.008 GC heap before
{Heap before GC invocations=15 (full 3):
 PSYoungGen      total 310272K, used 310269K [0x00000000e0000000, 0x00000000fc500000, 0x0000000100000000)
  eden space 286720K, 100% used [0x00000000e0000000,0x00000000f1800000,0x00000000f1800000)
  from space 23552K, 99% used [0x00000000f1800000,0x00000000f2eff498,0x00000000f2f00000)
  to   space 30720K, 0% used [0x00000000fa700000,0x00000000fa700000,0x00000000fc500000)
 ParOldGen       total 159744K, used 40470K [0x00000000a0000000, 0x00000000a9c00000, 0x00000000e0000000)
  object space 159744K, 25% used [0x00000000a0000000,0x00000000a2785a80,0x00000000a9c00000)
 Metaspace       used 84208K, capacity 87814K, committed 88064K, reserved 1126400K
  class space    used 10953K, capacity 11731K, committed 11776K, reserved 1048576K
Event: 234.082 GC heap after
Heap after GC invocations=15 (full 3):
 PSYoungGen      total 413696K, used 12326K [0x00000000e0000000, 0x00000000fba00000, 0x0000000100000000)
  eden space 394240K, 0% used [0x00000000e0000000,0x00000000e0000000,0x00000000f8100000)
  from space 19456K, 63% used [0x00000000fa700000,0x00000000fb309b30,0x00000000fba00000)
  to   space 29184K, 0% used [0x00000000f8100000,0x00000000f8100000,0x00000000f9d80000)
 ParOldGen       total 159744K, used 63581K [0x00000000a0000000, 0x00000000a9c00000, 0x00000000e0000000)
  object space 159744K, 39% used [0x00000000a0000000,0x00000000a3e17550,0x00000000a9c00000)
 Metaspace       used 84208K, capacity 87814K, committed 88064K, reserved 1126400K
  class space    used 10953K, capacity 11731K, committed 11776K, reserved 1048576K
}

