# JRE version: OpenJDK Runtime Environment (8.0_212-b04) (build 1.8.0_212-release-1586-b04)
# Java VM: OpenJDK 64-Bit Server VM (25.212-b04 mixed mode windows-amd64 compressed oops)
Heap:
 PSYoungGen      total 468480K, used 172460K [0x00000000e0000000, 0x0000000100000000, 0x0000000100000000)
  eden space 420864K, 29% used [0x00000000e0000000,0x00000000e79f4700,0x00000000f9b00000)
  from space 47616K, 99% used [0x00000000f9b00000,0x00000000fc976af8,0x00000000fc980000)
  to   space 55808K, 0% used [0x00000000fc980000,0x00000000fc980000,0x0000000100000000)
 ParOldGen       total 285184K, used 137702K [0x00000000a0000000, 0x00000000b1680000, 0x00000000e0000000)
  object space 285184K, 48% used [0x00000000a0000000,0x00000000a86799d8,0x00000000b1680000)
 Metaspace       used 110811K, capacity 119224K, committed 119360K, reserved 1153024K
  class space    used 14133K, capacity 15692K, committed 15704K, reserved 1048576K
GC Heap History (10 events):
Event: 8087.354 GC heap before
{Heap before GC invocations=35 (full 4):
 PSYoungGen      total 458240K, used 458236K [0x00000000e0000000, 0x00000000ff780000, 0x0000000100000000)
  eden space 432640K, 100% used [0x00000000e0000000,0x00000000fa680000,0x00000000fa680000)
  from space 25600K, 99% used [0x00000000fdb00000,0x00000000ff3ff270,0x00000000ff400000)
  to   space 41472K, 0% used [0x00000000fa680000,0x00000000fa680000,0x00000000fcf00000)
 ParOldGen       total 285184K, used 134153K [0x00000000a0000000, 0x00000000b1680000, 0x00000000e0000000)
  object space 285184K, 47% used [0x00000000a0000000,0x00000000a8302490,0x00000000b1680000)
 Metaspace       used 108388K, capacity 116352K, committed 116544K, reserved 1150976K
  class space    used 13904K, capacity 15376K, committed 15448K, reserved 1048576K
Event: 8087.405 GC heap after
Heap after GC invocations=35 (full 4):
 PSYoungGen      total 474112K, used 32617K [0x00000000e0000000, 0x0000000100000000, 0x0000000100000000)
  eden space 432640K, 0% used [0x00000000e0000000,0x00000000e0000000,0x00000000fa680000)
  from space 41472K, 78% used [0x00000000fa680000,0x00000000fc65a588,0x00000000fcf00000)
  to   space 44032K, 0% used [0x00000000fd500000,0x00000000fd500000,0x0000000100000000)
 ParOldGen       total 285184K, used 137686K [0x00000000a0000000, 0x00000000b1680000, 0x00000000e0000000)
  object space 285184K, 48% used [0x00000000a0000000,0x00000000a86759d8,0x00000000b1680000)
 Metaspace       used 108388K, capacity 116352K, committed 116544K, reserved 1150976K
  class space    used 13904K, capacity 15376K, committed 15448K, reserved 1048576K
}
Event: 8088.464 GC heap before
{Heap before GC invocations=36 (full 4):
 PSYoungGen      total 474112K, used 465257K [0x00000000e0000000, 0x0000000100000000, 0x0000000100000000)
  eden space 432640K, 100% used [0x00000000e0000000,0x00000000fa680000,0x00000000fa680000)
  from space 41472K, 78% used [0x00000000fa680000,0x00000000fc65a588,0x00000000fcf00000)
  to   space 44032K, 0% used [0x00000000fd500000,0x00000000fd500000,0x0000000100000000)
 ParOldGen       total 285184K, used 137686K [0x00000000a0000000, 0x00000000b1680000, 0x00000000e0000000)
  object space 285184K, 48% used [0x00000000a0000000,0x00000000a86759d8,0x00000000b1680000)
 Metaspace       used 108417K, capacity 116364K, committed 116544K, reserved 1150976K
  class space    used 13906K, capacity 15378K, committed 15448K, reserved 1048576K
Event: 8088.510 GC heap after
Heap after GC invocations=36 (full 4):
 PSYoungGen      total 475136K, used 33424K [0x00000000e0000000, 0x0000000100000000, 0x0000000100000000)
  eden space 431104K, 0% used [0x00000000e0000000,0x00000000e0000000,0x00000000fa500000)
  from space 44032K, 75% used [0x00000000fd500000,0x00000000ff5a4360,0x0000000100000000)
  to   space 46592K, 0% used [0x00000000fa500000,0x00000000fa500000,0x00000000fd280000)
 ParOldGen       total 285184K, used 137686K [0x00000000a0000000, 0x00000000b1680000, 0x00000000e0000000)
  object space 285184K, 48% used [0x00000000a0000000,0x00000000a86759d8,0x00000000b1680000)
 Metaspace       used 108417K, capacity 116364K, committed 116544K, reserved 1150976K
  class space    used 13906K, capacity 15378K, committed 15448K, reserved 1048576K
}
Event: 9203.865 GC heap before
{Heap before GC invocations=37 (full 4):
 PSYoungGen      total 475136K, used 464528K [0x00000000e0000000, 0x0000000100000000, 0x0000000100000000)
  eden space 431104K, 100% used [0x00000000e0000000,0x00000000fa500000,0x00000000fa500000)
  from space 44032K, 75% used [0x00000000fd500000,0x00000000ff5a4360,0x0000000100000000)
  to   space 46592K, 0% used [0x00000000fa500000,0x00000000fa500000,0x00000000fd280000)
 ParOldGen       total 285184K, used 137686K [0x00000000a0000000, 0x00000000b1680000, 0x00000000e0000000)
  object space 285184K, 48% used [0x00000000a0000000,0x00000000a86759d8,0x00000000b1680000)
 Metaspace       used 109510K, capacity 117896K, committed 118080K, reserved 1150976K
  class space    used 14040K, capacity 15593K, committed 15704K, reserved 1048576K
Event: 9203.900 GC heap after
Heap after GC invocations=37 (full 4):
 PSYoungGen      total 467968K, used 36391K [0x00000000e0000000, 0x0000000100000000, 0x0000000100000000)
  eden space 431104K, 0% used [0x00000000e0000000,0x00000000e0000000,0x00000000fa500000)
  from space 36864K, 98% used [0x00000000fa500000,0x00000000fc889fb0,0x00000000fc900000)
  to   space 49152K, 0% used [0x00000000fd000000,0x00000000fd000000,0x0000000100000000)
 ParOldGen       total 285184K, used 137686K [0x00000000a0000000, 0x00000000b1680000, 0x00000000e0000000)
  object space 285184K, 48% used [0x00000000a0000000,0x00000000a86759d8,0x00000000b1680000)
 Metaspace       used 109510K, capacity 117896K, committed 118080K, reserved 1150976K
  class space    used 14040K, capacity 15593K, committed 15704K, reserved 1048576K
}
Event: 9367.533 GC heap before
{Heap before GC invocations=38 (full 4):
 PSYoungGen      total 467968K, used 467495K [0x00000000e0000000, 0x0000000100000000, 0x0000000100000000)
  eden space 431104K, 100% used [0x00000000e0000000,0x00000000fa500000,0x00000000fa500000)
  from space 36864K, 98% used [0x00000000fa500000,0x00000000fc889fb0,0x00000000fc900000)
  to   space 49152K, 0% used [0x00000000fd000000,0x00000000fd000000,0x0000000100000000)
 ParOldGen       total 285184K, used 137686K [0x00000000a0000000, 0x00000000b1680000, 0x00000000e0000000)
  object space 285184K, 48% used [0x00000000a0000000,0x00000000a86759d8,0x00000000b1680000)
 Metaspace       used 110757K, capacity 119200K, committed 119360K, reserved 1153024K
  class space    used 14132K, capacity 15692K, committed 15704K, reserved 1048576K
Event: 9367.588 GC heap after
Heap after GC invocations=38 (full 4):
 PSYoungGen      total 470016K, used 37351K [0x00000000e0000000, 0x0000000100000000, 0x0000000100000000)
  eden space 420864K, 0% used [0x00000000e0000000,0x00000000e0000000,0x00000000f9b00000)
  from space 49152K, 75% used [0x00000000fd000000,0x00000000ff479ec8,0x0000000100000000)
  to   space 51712K, 0% used [0x00000000f9b00000,0x00000000f9b00000,0x00000000fcd80000)
 ParOldGen       total 285184K, used 137694K [0x00000000a0000000, 0x00000000b1680000, 0x00000000e0000000)
  object space 285184K, 48% used [0x00000000a0000000,0x00000000a86779d8,0x00000000b1680000)
 Metaspace       used 110757K, capacity 119200K, committed 119360K, reserved 1153024K
  class space    used 14132K, capacity 15692K, committed 15704K, reserved 1048576K
}
Event: 9369.891 GC heap before
{Heap before GC invocations=39 (full 4):
 PSYoungGen      total 470016K, used 458215K [0x00000000e0000000, 0x0000000100000000, 0x0000000100000000)
  eden space 420864K, 100% used [0x00000000e0000000,0x00000000f9b00000,0x00000000f9b00000)
  from space 49152K, 75% used [0x00000000fd000000,0x00000000ff479ec8,0x0000000100000000)
  to   space 51712K, 0% used [0x00000000f9b00000,0x00000000f9b00000,0x00000000fcd80000)
 ParOldGen       total 285184K, used 137694K [0x00000000a0000000, 0x00000000b1680000, 0x00000000e0000000)
  object space 285184K, 48% used [0x00000000a0000000,0x00000000a86779d8,0x00000000b1680000)
 Metaspace       used 110799K, capacity 119216K, committed 119360K, reserved 1153024K
  class space    used 14133K, capacity 15692K, committed 15704K, reserved 1048576K
Event: 9369.954 GC heap after
Heap after GC invocations=39 (full 4):
 PSYoungGen      total 468480K, used 47578K [0x00000000e0000000, 0x0000000100000000, 0x0000000100000000)
  eden space 420864K, 0% used [0x00000000e0000000,0x00000000e0000000,0x00000000f9b00000)
  from space 47616K, 99% used [0x00000000f9b00000,0x00000000fc976af8,0x00000000fc980000)
  to   space 55808K, 0% used [0x00000000fc980000,0x00000000fc980000,0x0000000100000000)
 ParOldGen       total 285184K, used 137702K [0x00000000a0000000, 0x00000000b1680000, 0x00000000e0000000)
  object space 285184K, 48% used [0x00000000a0000000,0x00000000a86799d8,0x00000000b1680000)
 Metaspace       used 110799K, capacity 119216K, committed 119360K, reserved 1153024K
  class space    used 14133K, capacity 15692K, committed 15704K, reserved 1048576K
}

