# JRE version: OpenJDK Runtime Environment (8.0_212-b04) (build 1.8.0_212-release-1586-b04)
# Java VM: OpenJDK 64-Bit Server VM (25.212-b04 mixed mode windows-amd64 compressed oops)
Heap:
 PSYoungGen      total 315392K, used 82574K [0x00000000e0000000, 0x00000000f7280000, 0x0000000100000000)
  eden space 279040K, 16% used [0x00000000e0000000,0x00000000e2d7c070,0x00000000f1080000)
  from space 36352K, 99% used [0x00000000f3700000,0x00000000f5a27b58,0x00000000f5a80000)
  to   space 24576K, 0% used [0x00000000f5a80000,0x00000000f5a80000,0x00000000f7280000)
 ParOldGen       total 193536K, used 79428K [0x00000000a0000000, 0x00000000abd00000, 0x00000000e0000000)
  object space 193536K, 41% used [0x00000000a0000000,0x00000000a4d91368,0x00000000abd00000)
 Metaspace       used 92863K, capacity 98034K, committed 98264K, reserved 1134592K
  class space    used 11951K, capacity 12918K, committed 13016K, reserved 1048576K
GC Heap History (10 events):
Event: 53.291 GC heap before
{Heap before GC invocations=20 (full 3):
 PSYoungGen      total 288256K, used 272856K [0x00000000e0000000, 0x00000000f3580000, 0x0000000100000000)
  eden space 259072K, 100% used [0x00000000e0000000,0x00000000efd00000,0x00000000efd00000)
  from space 29184K, 47% used [0x00000000f1900000,0x00000000f26763f0,0x00000000f3580000)
  to   space 28672K, 0% used [0x00000000efd00000,0x00000000efd00000,0x00000000f1900000)
 ParOldGen       total 193536K, used 48582K [0x00000000a0000000, 0x00000000abd00000, 0x00000000e0000000)
  object space 193536K, 25% used [0x00000000a0000000,0x00000000a2f71828,0x00000000abd00000)
 Metaspace       used 83033K, capacity 86574K, committed 86744K, reserved 1124352K
  class space    used 11018K, capacity 11706K, committed 11736K, reserved 1048576K
Event: 53.362 GC heap after
Heap after GC invocations=20 (full 3):
 PSYoungGen      total 287744K, used 28645K [0x00000000e0000000, 0x00000000f7b80000, 0x0000000100000000)
  eden space 259072K, 0% used [0x00000000e0000000,0x00000000e0000000,0x00000000efd00000)
  from space 28672K, 99% used [0x00000000efd00000,0x00000000f18f9578,0x00000000f1900000)
  to   space 41984K, 0% used [0x00000000f5280000,0x00000000f5280000,0x00000000f7b80000)
 ParOldGen       total 193536K, used 73586K [0x00000000a0000000, 0x00000000abd00000, 0x00000000e0000000)
  object space 193536K, 38% used [0x00000000a0000000,0x00000000a47dc9e0,0x00000000abd00000)
 Metaspace       used 83033K, capacity 86574K, committed 86744K, reserved 1124352K
  class space    used 11018K, capacity 11706K, committed 11736K, reserved 1048576K
}
Event: 608.466 GC heap before
{Heap before GC invocations=21 (full 3):
 PSYoungGen      total 287744K, used 287717K [0x00000000e0000000, 0x00000000f7b80000, 0x0000000100000000)
  eden space 259072K, 100% used [0x00000000e0000000,0x00000000efd00000,0x00000000efd00000)
  from space 28672K, 99% used [0x00000000efd00000,0x00000000f18f9578,0x00000000f1900000)
  to   space 41984K, 0% used [0x00000000f5280000,0x00000000f5280000,0x00000000f7b80000)
 ParOldGen       total 193536K, used 73586K [0x00000000a0000000, 0x00000000abd00000, 0x00000000e0000000)
  object space 193536K, 38% used [0x00000000a0000000,0x00000000a47dc9e0,0x00000000abd00000)
 Metaspace       used 89270K, capacity 93216K, committed 93400K, reserved 1130496K
  class space    used 11704K, capacity 12483K, committed 12504K, reserved 1048576K
Event: 608.531 GC heap after
Heap after GC invocations=21 (full 3):
 PSYoungGen      total 336384K, used 29441K [0x00000000e0000000, 0x00000000f7800000, 0x0000000100000000)
  eden space 297984K, 0% used [0x00000000e0000000,0x00000000e0000000,0x00000000f2300000)
  from space 38400K, 76% used [0x00000000f5280000,0x00000000f6f40658,0x00000000f7800000)
  to   space 43520K, 0% used [0x00000000f2300000,0x00000000f2300000,0x00000000f4d80000)
 ParOldGen       total 193536K, used 79412K [0x00000000a0000000, 0x00000000abd00000, 0x00000000e0000000)
  object space 193536K, 41% used [0x00000000a0000000,0x00000000a4d8d368,0x00000000abd00000)
 Metaspace       used 89270K, capacity 93216K, committed 93400K, reserved 1130496K
  class space    used 11704K, capacity 12483K, committed 12504K, reserved 1048576K
}
Event: 951.735 GC heap before
{Heap before GC invocations=22 (full 3):
 PSYoungGen      total 336384K, used 327425K [0x00000000e0000000, 0x00000000f7800000, 0x0000000100000000)
  eden space 297984K, 100% used [0x00000000e0000000,0x00000000f2300000,0x00000000f2300000)
  from space 38400K, 76% used [0x00000000f5280000,0x00000000f6f40658,0x00000000f7800000)
  to   space 43520K, 0% used [0x00000000f2300000,0x00000000f2300000,0x00000000f4d80000)
 ParOldGen       total 193536K, used 79412K [0x00000000a0000000, 0x00000000abd00000, 0x00000000e0000000)
  object space 193536K, 41% used [0x00000000a0000000,0x00000000a4d8d368,0x00000000abd00000)
 Metaspace       used 90876K, capacity 95140K, committed 95320K, reserved 1132544K
  class space    used 11783K, capacity 12619K, committed 12632K, reserved 1048576K
Event: 951.785 GC heap after
Heap after GC invocations=22 (full 3):
 PSYoungGen      total 341504K, used 27501K [0x00000000e0000000, 0x00000000f9d00000, 0x0000000100000000)
  eden space 297984K, 0% used [0x00000000e0000000,0x00000000e0000000,0x00000000f2300000)
  from space 43520K, 63% used [0x00000000f2300000,0x00000000f3ddb738,0x00000000f4d80000)
  to   space 44032K, 0% used [0x00000000f7200000,0x00000000f7200000,0x00000000f9d00000)
 ParOldGen       total 193536K, used 79420K [0x00000000a0000000, 0x00000000abd00000, 0x00000000e0000000)
  object space 193536K, 41% used [0x00000000a0000000,0x00000000a4d8f368,0x00000000abd00000)
 Metaspace       used 90876K, capacity 95140K, committed 95320K, reserved 1132544K
  class space    used 11783K, capacity 12619K, committed 12632K, reserved 1048576K
}
Event: 1331.010 GC heap before
{Heap before GC invocations=23 (full 3):
 PSYoungGen      total 341504K, used 325485K [0x00000000e0000000, 0x00000000f9d00000, 0x0000000100000000)
  eden space 297984K, 100% used [0x00000000e0000000,0x00000000f2300000,0x00000000f2300000)
  from space 43520K, 63% used [0x00000000f2300000,0x00000000f3ddb738,0x00000000f4d80000)
  to   space 44032K, 0% used [0x00000000f7200000,0x00000000f7200000,0x00000000f9d00000)
 ParOldGen       total 193536K, used 79420K [0x00000000a0000000, 0x00000000abd00000, 0x00000000e0000000)
  object space 193536K, 41% used [0x00000000a0000000,0x00000000a4d8f368,0x00000000abd00000)
 Metaspace       used 91753K, capacity 96294K, committed 96472K, reserved 1132544K
  class space    used 11841K, capacity 12724K, committed 12760K, reserved 1048576K
Event: 1331.054 GC heap after
Heap after GC invocations=23 (full 3):
 PSYoungGen      total 316928K, used 28250K [0x00000000e0000000, 0x00000000f8e00000, 0x0000000100000000)
  eden space 288256K, 0% used [0x00000000e0000000,0x00000000e0000000,0x00000000f1980000)
  from space 28672K, 98% used [0x00000000f7200000,0x00000000f8d96858,0x00000000f8e00000)
  to   space 44544K, 0% used [0x00000000f3700000,0x00000000f3700000,0x00000000f6280000)
 ParOldGen       total 193536K, used 79420K [0x00000000a0000000, 0x00000000abd00000, 0x00000000e0000000)
  object space 193536K, 41% used [0x00000000a0000000,0x00000000a4d8f368,0x00000000abd00000)
 Metaspace       used 91753K, capacity 96294K, committed 96472K, reserved 1132544K
  class space    used 11841K, capacity 12724K, committed 12760K, reserved 1048576K
}
Event: 1828.234 GC heap before
{Heap before GC invocations=24 (full 3):
 PSYoungGen      total 316928K, used 315619K [0x00000000e0000000, 0x00000000f8e00000, 0x0000000100000000)
  eden space 288256K, 99% used [0x00000000e0000000,0x00000000f18a2570,0x00000000f1980000)
  from space 28672K, 98% used [0x00000000f7200000,0x00000000f8d96858,0x00000000f8e00000)
  to   space 44544K, 0% used [0x00000000f3700000,0x00000000f3700000,0x00000000f6280000)
 ParOldGen       total 193536K, used 79420K [0x00000000a0000000, 0x00000000abd00000, 0x00000000e0000000)
  object space 193536K, 41% used [0x00000000a0000000,0x00000000a4d8f368,0x00000000abd00000)
 Metaspace       used 92749K, capacity 97794K, committed 97880K, reserved 1134592K
  class space    used 11930K, capacity 12878K, committed 12888K, reserved 1048576K
Event: 1828.312 GC heap after
Heap after GC invocations=24 (full 3):
 PSYoungGen      total 315392K, used 35998K [0x00000000e0000000, 0x00000000f7280000, 0x0000000100000000)
  eden space 279040K, 0% used [0x00000000e0000000,0x00000000e0000000,0x00000000f1080000)
  from space 36352K, 99% used [0x00000000f3700000,0x00000000f5a27b58,0x00000000f5a80000)
  to   space 24576K, 0% used [0x00000000f5a80000,0x00000000f5a80000,0x00000000f7280000)
 ParOldGen       total 193536K, used 79428K [0x00000000a0000000, 0x00000000abd00000, 0x00000000e0000000)
  object space 193536K, 41% used [0x00000000a0000000,0x00000000a4d91368,0x00000000abd00000)
 Metaspace       used 92749K, capacity 97794K, committed 97880K, reserved 1134592K
  class space    used 11930K, capacity 12878K, committed 12888K, reserved 1048576K
}

